<?xml version="1.0" encoding="UTF-8"?>
<testng-results skipped="0" failed="1" ignored="0" total="3" passed="2">
  <reporter-output>
  </reporter-output>
  <suite name="Surefire suite" duration-ms="119742" started-at="2020-05-05T22:22:29Z" finished-at="2020-05-05T22:24:29Z">
    <groups>
    </groups>
    <test name="Surefire test" duration-ms="119742" started-at="2020-05-05T22:22:29Z" finished-at="2020-05-05T22:24:29Z">
      <class name="com.com470.seleniumMercuryApp.SeleniumMercuryAppApplicationNGTest">
        <test-method status="PASS" signature="setUpMethod()[pri:0, instance:com.com470.seleniumMercuryApp.SeleniumMercuryAppApplicationNGTest@32d992b2]" name="setUpMethod" is-config="true" duration-ms="11775" started-at="2020-05-05T22:22:29Z" finished-at="2020-05-05T22:22:41Z">
          <reporter-output>
          </reporter-output>
        </test-method> <!-- setUpMethod -->
        <test-method status="PASS" signature="testLogeoExitoso()[pri:0, instance:com.com470.seleniumMercuryApp.SeleniumMercuryAppApplicationNGTest@32d992b2]" name="testLogeoExitoso" duration-ms="25066" started-at="2020-05-05T22:22:41Z" finished-at="2020-05-05T22:23:06Z">
          <reporter-output>
          </reporter-output>
        </test-method> <!-- testLogeoExitoso -->
        <test-method status="PASS" signature="tearDownMethod()[pri:0, instance:com.com470.seleniumMercuryApp.SeleniumMercuryAppApplicationNGTest@32d992b2]" name="tearDownMethod" is-config="true" duration-ms="656" started-at="2020-05-05T22:23:06Z" finished-at="2020-05-05T22:23:07Z">
          <reporter-output>
          </reporter-output>
        </test-method> <!-- tearDownMethod -->
        <test-method status="PASS" signature="setUpMethod()[pri:0, instance:com.com470.seleniumMercuryApp.SeleniumMercuryAppApplicationNGTest@32d992b2]" name="setUpMethod" is-config="true" duration-ms="10177" started-at="2020-05-05T22:23:07Z" finished-at="2020-05-05T22:23:17Z">
          <reporter-output>
          </reporter-output>
        </test-method> <!-- setUpMethod -->
        <test-method status="PASS" signature="testLogeoFallido()[pri:0, instance:com.com470.seleniumMercuryApp.SeleniumMercuryAppApplicationNGTest@32d992b2]" name="testLogeoFallido" duration-ms="5500" started-at="2020-05-05T22:23:17Z" finished-at="2020-05-05T22:23:23Z">
          <reporter-output>
          </reporter-output>
        </test-method> <!-- testLogeoFallido -->
        <test-method status="PASS" signature="tearDownMethod()[pri:0, instance:com.com470.seleniumMercuryApp.SeleniumMercuryAppApplicationNGTest@32d992b2]" name="tearDownMethod" is-config="true" duration-ms="672" started-at="2020-05-05T22:23:23Z" finished-at="2020-05-05T22:23:23Z">
          <reporter-output>
          </reporter-output>
        </test-method> <!-- tearDownMethod -->
        <test-method status="PASS" signature="setUpMethod()[pri:0, instance:com.com470.seleniumMercuryApp.SeleniumMercuryAppApplicationNGTest@32d992b2]" name="setUpMethod" is-config="true" duration-ms="10903" started-at="2020-05-05T22:23:23Z" finished-at="2020-05-05T22:23:34Z">
          <reporter-output>
          </reporter-output>
        </test-method> <!-- setUpMethod -->
        <test-method status="FAIL" signature="testPasajeros()[pri:0, instance:com.com470.seleniumMercuryApp.SeleniumMercuryAppApplicationNGTest@32d992b2]" name="testPasajeros" duration-ms="54290" started-at="2020-05-05T22:23:34Z" finished-at="2020-05-05T22:24:28Z">
          <exception class="org.openqa.selenium.NoSuchElementException">
            <message>
              <![CDATA[Cannot locate option with value: London
For documentation on this error, please visit: https://www.seleniumhq.org/exceptions/no_such_element.html
Build info: version: '3.141.59', revision: 'e82be7d358', time: '2018-11-14T08:17:03'
System info: host: 'DESKTOP-KT1E9N1', ip: '192.168.1.7', os.name: 'Windows 10', os.arch: 'amd64', os.version: '10.0', java.version: '1.8.0_221'
Driver info: driver.version: unknown]]>
            </message>
            <full-stacktrace>
              <![CDATA[org.openqa.selenium.NoSuchElementException: Cannot locate option with value: London
For documentation on this error, please visit: https://www.seleniumhq.org/exceptions/no_such_element.html
Build info: version: '3.141.59', revision: 'e82be7d358', time: '2018-11-14T08:17:03'
System info: host: 'DESKTOP-KT1E9N1', ip: '192.168.1.7', os.name: 'Windows 10', os.arch: 'amd64', os.version: '10.0', java.version: '1.8.0_221'
Driver info: driver.version: unknown
at org.openqa.selenium.support.ui.Select.findOptionsByValue(Select.java:283)
at org.openqa.selenium.support.ui.Select.selectByValue(Select.java:186)
at com.com470.seleniumMercuryApp.SeleniumMercuryAppApplicationNGTest.testPasajeros(SeleniumMercuryAppApplicationNGTest.java:76)
at sun.reflect.NativeMethodAccessorImpl.invoke0(Native Method)
at sun.reflect.NativeMethodAccessorImpl.invoke(NativeMethodAccessorImpl.java:62)
at sun.reflect.DelegatingMethodAccessorImpl.invoke(DelegatingMethodAccessorImpl.java:43)
at java.lang.reflect.Method.invoke(Method.java:498)
at org.testng.internal.MethodInvocationHelper.invokeMethod(MethodInvocationHelper.java:124)
at org.testng.internal.Invoker.invokeMethod(Invoker.java:583)
at org.testng.internal.Invoker.invokeTestMethod(Invoker.java:719)
at org.testng.internal.Invoker.invokeTestMethods(Invoker.java:989)
at org.testng.internal.TestMethodWorker.invokeTestMethods(TestMethodWorker.java:125)
at org.testng.internal.TestMethodWorker.run(TestMethodWorker.java:109)
at org.testng.TestRunner.privateRun(TestRunner.java:648)
at org.testng.TestRunner.run(TestRunner.java:505)
at org.testng.SuiteRunner.runTest(SuiteRunner.java:455)
at org.testng.SuiteRunner.runSequentially(SuiteRunner.java:450)
at org.testng.SuiteRunner.privateRun(SuiteRunner.java:415)
at org.testng.SuiteRunner.run(SuiteRunner.java:364)
at org.testng.SuiteRunnerWorker.runSuite(SuiteRunnerWorker.java:52)
at org.testng.SuiteRunnerWorker.run(SuiteRunnerWorker.java:84)
at org.testng.TestNG.runSuitesSequentially(TestNG.java:1208)
at org.testng.TestNG.runSuitesLocally(TestNG.java:1137)
at org.testng.TestNG.runSuites(TestNG.java:1049)
at org.testng.TestNG.run(TestNG.java:1017)
at org.apache.maven.surefire.testng.TestNGExecutor.run(TestNGExecutor.java:132)
at org.apache.maven.surefire.testng.TestNGDirectoryTestSuite.executeSingleClass(TestNGDirectoryTestSuite.java:112)
at org.apache.maven.surefire.testng.TestNGDirectoryTestSuite.execute(TestNGDirectoryTestSuite.java:99)
at org.apache.maven.surefire.testng.TestNGProvider.invoke(TestNGProvider.java:147)
at org.apache.maven.surefire.booter.ForkedBooter.invokeProviderInSameClassLoader(ForkedBooter.java:290)
at org.apache.maven.surefire.booter.ForkedBooter.runSuitesInProcess(ForkedBooter.java:242)
at org.apache.maven.surefire.booter.ForkedBooter.main(ForkedBooter.java:121)
]]>
            </full-stacktrace>
          </exception> <!-- org.openqa.selenium.NoSuchElementException -->
          <reporter-output>
          </reporter-output>
        </test-method> <!-- testPasajeros -->
        <test-method status="PASS" signature="tearDownMethod()[pri:0, instance:com.com470.seleniumMercuryApp.SeleniumMercuryAppApplicationNGTest@32d992b2]" name="tearDownMethod" is-config="true" duration-ms="672" started-at="2020-05-05T22:24:28Z" finished-at="2020-05-05T22:24:29Z">
          <reporter-output>
          </reporter-output>
        </test-method> <!-- tearDownMethod -->
      </class> <!-- com.com470.seleniumMercuryApp.SeleniumMercuryAppApplicationNGTest -->
    </test> <!-- Surefire test -->
  </suite> <!-- Surefire suite -->
</testng-results>
